-------------------------------------------------------------------------------
Test set: tests.telecomunications.positive.MobolePhoneReplanishmentPosotoveTest
-------------------------------------------------------------------------------
Tests run: 2, Failures: 0, Errors: 1, Skipped: 0, Time elapsed: 16.583 s <<< FAILURE! - in tests.telecomunications.positive.MobolePhoneReplanishmentPosotoveTest
checkMinimumReplenishmentAmmount  Time elapsed: 8.956 s  <<< ERROR!
org.openqa.selenium.NoSuchElementException: 
no such element: Unable to locate element: {"method":"xpath","selector":"//span[@data-qa-node='details']"}
  (Session info: chrome=91.0.4472.114)
For documentation on this error, please visit: https://www.seleniumhq.org/exceptions/no_such_element.html
Build info: version: '3.141.59', revision: 'e82be7d358', time: '2018-11-14T08:17:03'
System info: host: 'DESKTOP-M3C3OPM', ip: '192.168.88.254', os.name: 'Windows 10', os.arch: 'amd64', os.version: '10.0', java.version: '1.8.0_281'
Driver info: org.openqa.selenium.chrome.ChromeDriver
Capabilities {acceptInsecureCerts: false, browserName: chrome, browserVersion: 91.0.4472.114, chrome: {chromedriverVersion: 91.0.4472.101 (af52a90bf870..., userDataDir: C:\Users\Deri\AppData\Local...}, goog:chromeOptions: {debuggerAddress: localhost:59322}, javascriptEnabled: true, networkConnectionEnabled: false, pageLoadStrategy: normal, platform: WINDOWS, platformName: WINDOWS, proxy: Proxy(), setWindowRect: true, strictFileInteractability: false, timeouts: {implicit: 0, pageLoad: 300000, script: 30000}, unhandledPromptBehavior: dismiss and notify, webauthn:extension:largeBlob: true, webauthn:virtualAuthenticators: true}
Session ID: 8005f69fe689510b62a14610fd482c07
*** Element info: {Using=xpath, value=//span[@data-qa-node='details']}
	at tests.telecomunications.positive.MobolePhoneReplanishmentPosotoveTest.checkMinimumReplenishmentAmmount(MobolePhoneReplanishmentPosotoveTest.java:26)

